app/build/intermediates/manifest_merge_blame_file/debug/manifest-merger-blame-debug-report.txt
1<?xml version="1.0" encoding="utf-8"?>
2<manifest xmlns:android="http://schemas.android.com/apk/res/android"
3    package="com.example.finalproject_seminar"
4    android:versionCode="1"
5    android:versionName="1.0" >
6
7    <uses-sdk
8        android:minSdkVersion="23"
8-->src\main\AndroidManifest.xml
9        android:targetSdkVersion="29" />
9-->src\main\AndroidManifest.xml
10
11    <uses-permission android:name="android.permission.INTERNET" /> <!-- Although the *SdkVersion is captured in gradle build files, this is required for non gradle builds -->
11-->[com.kc.androidunsplash:androidunsplash:1.0.5] AndroidManifest.xml:11:5-67
11-->[com.kc.androidunsplash:androidunsplash:1.0.5] AndroidManifest.xml:11:22-64
12    <!-- <uses-sdk android:minSdkVersion="14"/> -->
13    <uses-permission android:name="android.permission.ACCESS_NETWORK_STATE" />
13-->[com.google.firebase:firebase-storage:19.1.1] AndroidManifest.xml:26:5-79
13-->[com.google.firebase:firebase-storage:19.1.1] AndroidManifest.xml:26:22-76
14    <uses-permission android:name="android.permission.WAKE_LOCK" /> <!-- Required by older versions of Google Play services to create IID tokens -->
14-->[com.google.android.gms:play-services-measurement-api:17.2.2] AndroidManifest.xml:24:5-68
14-->[com.google.android.gms:play-services-measurement-api:17.2.2] AndroidManifest.xml:24:22-65
15    <uses-permission android:name="com.google.android.c2dm.permission.RECEIVE" />
15-->[com.google.firebase:firebase-iid:20.0.2] AndroidManifest.xml:26:5-82
15-->[com.google.firebase:firebase-iid:20.0.2] AndroidManifest.xml:26:22-79
16    <uses-permission android:name="com.google.android.finsky.permission.BIND_GET_INSTALL_REFERRER_SERVICE" />
16-->[com.google.android.gms:play-services-measurement:17.2.2] AndroidManifest.xml:26:5-110
16-->[com.google.android.gms:play-services-measurement:17.2.2] AndroidManifest.xml:26:22-107
17
18    <application
18-->src\main\AndroidManifest.xml:5:5-20:19
19        android:allowBackup="true"
19-->src\main\AndroidManifest.xml:6:9-35
20        android:appComponentFactory="androidx.core.app.CoreComponentFactory"
20-->[androidx.core:core:1.1.0] AndroidManifest.xml:24:18-86
21        android:debuggable="true"
22        android:extractNativeLibs="false"
23        android:icon="@mipmap/ic_launcher"
23-->src\main\AndroidManifest.xml:7:9-43
24        android:label="@string/app_name"
24-->src\main\AndroidManifest.xml:8:9-41
25        android:roundIcon="@mipmap/ic_launcher_round"
25-->src\main\AndroidManifest.xml:9:9-54
26        android:supportsRtl="true"
26-->src\main\AndroidManifest.xml:10:9-35
27        android:testOnly="true"
28        android:theme="@style/AppTheme" >
28-->src\main\AndroidManifest.xml:11:9-40
29        <activity android:name="com.example.finalproject_seminar.Activities.PhotoDetailsActivity" />
29-->src\main\AndroidManifest.xml:12:9-78
29-->src\main\AndroidManifest.xml:12:19-66
30        <activity android:name="com.example.finalproject_seminar.Activities.MainActivity" >
30-->src\main\AndroidManifest.xml:13:9-19:20
30-->src\main\AndroidManifest.xml:13:19-58
31            <intent-filter>
31-->src\main\AndroidManifest.xml:14:13-18:29
32                <action android:name="android.intent.action.MAIN" />
32-->src\main\AndroidManifest.xml:15:17-69
32-->src\main\AndroidManifest.xml:15:25-66
33
34                <category android:name="android.intent.category.LAUNCHER" />
34-->src\main\AndroidManifest.xml:17:17-77
34-->src\main\AndroidManifest.xml:17:27-74
35            </intent-filter>
36        </activity>
37
38        <provider
38-->[com.squareup.picasso:picasso:2.71828] AndroidManifest.xml:8:9-11:40
39            android:name="com.squareup.picasso.PicassoProvider"
39-->[com.squareup.picasso:picasso:2.71828] AndroidManifest.xml:9:13-64
40            android:authorities="com.example.finalproject_seminar.com.squareup.picasso"
40-->[com.squareup.picasso:picasso:2.71828] AndroidManifest.xml:10:13-72
41            android:exported="false" />
41-->[com.squareup.picasso:picasso:2.71828] AndroidManifest.xml:11:13-37
42
43        <activity
43-->[com.google.firebase:firebase-auth:19.3.1] AndroidManifest.xml:24:9-31:50
44            android:name="com.google.firebase.auth.internal.FederatedSignInActivity"
44-->[com.google.firebase:firebase-auth:19.3.1] AndroidManifest.xml:25:13-85
45            android:excludeFromRecents="true"
45-->[com.google.firebase:firebase-auth:19.3.1] AndroidManifest.xml:26:13-46
46            android:exported="true"
46-->[com.google.firebase:firebase-auth:19.3.1] AndroidManifest.xml:27:13-36
47            android:launchMode="singleTask"
47-->[com.google.firebase:firebase-auth:19.3.1] AndroidManifest.xml:28:13-44
48            android:permission="com.google.firebase.auth.api.gms.permission.LAUNCH_FEDERATED_SIGN_IN"
48-->[com.google.firebase:firebase-auth:19.3.1] AndroidManifest.xml:29:13-102
49            android:theme="@android:style/Theme.Translucent.NoTitleBar" />
49-->[com.google.firebase:firebase-auth:19.3.1] AndroidManifest.xml:30:13-72
50
51        <service
51-->[com.google.firebase:firebase-auth:19.3.1] AndroidManifest.xml:33:9-39:19
52            android:name="com.google.firebase.components.ComponentDiscoveryService"
52-->[com.google.firebase:firebase-auth:19.3.1] AndroidManifest.xml:34:13-84
53            android:directBootAware="true"
53-->[com.google.firebase:firebase-common:19.3.0] AndroidManifest.xml:34:13-43
54            android:exported="false" >
54-->[com.google.firebase:firebase-auth:19.3.1] AndroidManifest.xml:35:13-37
55            <meta-data
55-->[com.google.firebase:firebase-auth:19.3.1] AndroidManifest.xml:36:13-38:85
56                android:name="com.google.firebase.components:com.google.firebase.auth.FirebaseAuthRegistrar"
56-->[com.google.firebase:firebase-auth:19.3.1] AndroidManifest.xml:37:17-109
57                android:value="com.google.firebase.components.ComponentRegistrar" />
57-->[com.google.firebase:firebase-auth:19.3.1] AndroidManifest.xml:38:17-82
58            <meta-data
58-->[com.google.firebase:firebase-storage:19.1.1] AndroidManifest.xml:33:13-35:85
59                android:name="com.google.firebase.components:com.google.firebase.storage.StorageRegistrar"
59-->[com.google.firebase:firebase-storage:19.1.1] AndroidManifest.xml:34:17-107
60                android:value="com.google.firebase.components.ComponentRegistrar" />
60-->[com.google.firebase:firebase-storage:19.1.1] AndroidManifest.xml:35:17-82
61            <meta-data
61-->[com.google.firebase:firebase-database:19.2.1] AndroidManifest.xml:32:13-34:85
62                android:name="com.google.firebase.components:com.google.firebase.database.DatabaseRegistrar"
62-->[com.google.firebase:firebase-database:19.2.1] AndroidManifest.xml:33:17-109
63                android:value="com.google.firebase.components.ComponentRegistrar" />
63-->[com.google.firebase:firebase-database:19.2.1] AndroidManifest.xml:34:17-82
64            <meta-data
64-->[com.google.android.gms:play-services-measurement-api:17.2.2] AndroidManifest.xml:30:13-32:85
65                android:name="com.google.firebase.components:com.google.firebase.analytics.connector.internal.AnalyticsConnectorRegistrar"
65-->[com.google.android.gms:play-services-measurement-api:17.2.2] AndroidManifest.xml:31:17-139
66                android:value="com.google.firebase.components.ComponentRegistrar" />
66-->[com.google.android.gms:play-services-measurement-api:17.2.2] AndroidManifest.xml:32:17-82
67            <meta-data
67-->[com.google.firebase:firebase-iid:20.0.2] AndroidManifest.xml:32:13-34:85
68                android:name="com.google.firebase.components:com.google.firebase.iid.Registrar"
68-->[com.google.firebase:firebase-iid:20.0.2] AndroidManifest.xml:33:17-96
69                android:value="com.google.firebase.components.ComponentRegistrar" />
69-->[com.google.firebase:firebase-iid:20.0.2] AndroidManifest.xml:34:17-82
70        </service>
71
72        <receiver
72-->[com.google.firebase:firebase-iid:20.0.2] AndroidManifest.xml:37:9-44:20
73            android:name="com.google.firebase.iid.FirebaseInstanceIdReceiver"
73-->[com.google.firebase:firebase-iid:20.0.2] AndroidManifest.xml:38:13-78
74            android:exported="true"
74-->[com.google.firebase:firebase-iid:20.0.2] AndroidManifest.xml:39:13-36
75            android:permission="com.google.android.c2dm.permission.SEND" >
75-->[com.google.firebase:firebase-iid:20.0.2] AndroidManifest.xml:40:13-73
76            <intent-filter>
76-->[com.google.firebase:firebase-iid:20.0.2] AndroidManifest.xml:41:13-43:29
77                <action android:name="com.google.android.c2dm.intent.RECEIVE" />
77-->[com.google.firebase:firebase-iid:20.0.2] AndroidManifest.xml:42:17-81
77-->[com.google.firebase:firebase-iid:20.0.2] AndroidManifest.xml:42:25-78
78            </intent-filter>
79        </receiver>
80
81        <activity
81-->[com.google.android.gms:play-services-base:17.1.0] AndroidManifest.xml:23:9-26:75
82            android:name="com.google.android.gms.common.api.GoogleApiActivity"
82-->[com.google.android.gms:play-services-base:17.1.0] AndroidManifest.xml:24:13-79
83            android:exported="false"
83-->[com.google.android.gms:play-services-base:17.1.0] AndroidManifest.xml:25:13-37
84            android:theme="@android:style/Theme.Translucent.NoTitleBar" />
84-->[com.google.android.gms:play-services-base:17.1.0] AndroidManifest.xml:26:13-72
85
86        <provider
86-->[com.google.firebase:firebase-common:19.3.0] AndroidManifest.xml:26:9-30:39
87            android:name="com.google.firebase.provider.FirebaseInitProvider"
87-->[com.google.firebase:firebase-common:19.3.0] AndroidManifest.xml:27:13-77
88            android:authorities="com.example.finalproject_seminar.firebaseinitprovider"
88-->[com.google.firebase:firebase-common:19.3.0] AndroidManifest.xml:28:13-72
89            android:exported="false"
89-->[com.google.firebase:firebase-common:19.3.0] AndroidManifest.xml:29:13-37
90            android:initOrder="100" />
90-->[com.google.firebase:firebase-common:19.3.0] AndroidManifest.xml:30:13-36
91
92        <receiver
92-->[com.google.android.gms:play-services-measurement:17.2.2] AndroidManifest.xml:29:9-33:20
93            android:name="com.google.android.gms.measurement.AppMeasurementReceiver"
93-->[com.google.android.gms:play-services-measurement:17.2.2] AndroidManifest.xml:30:13-85
94            android:enabled="true"
94-->[com.google.android.gms:play-services-measurement:17.2.2] AndroidManifest.xml:31:13-35
95            android:exported="false" >
95-->[com.google.android.gms:play-services-measurement:17.2.2] AndroidManifest.xml:32:13-37
96        </receiver>
97        <receiver
97-->[com.google.android.gms:play-services-measurement:17.2.2] AndroidManifest.xml:34:9-42:20
98            android:name="com.google.android.gms.measurement.AppMeasurementInstallReferrerReceiver"
98-->[com.google.android.gms:play-services-measurement:17.2.2] AndroidManifest.xml:35:13-100
99            android:enabled="true"
99-->[com.google.android.gms:play-services-measurement:17.2.2] AndroidManifest.xml:36:13-35
100            android:exported="true"
100-->[com.google.android.gms:play-services-measurement:17.2.2] AndroidManifest.xml:37:13-36
101            android:permission="android.permission.INSTALL_PACKAGES" >
101-->[com.google.android.gms:play-services-measurement:17.2.2] AndroidManifest.xml:38:13-69
102            <intent-filter>
102-->[com.google.android.gms:play-services-measurement:17.2.2] AndroidManifest.xml:39:13-41:29
103                <action android:name="com.android.vending.INSTALL_REFERRER" />
103-->[com.google.android.gms:play-services-measurement:17.2.2] AndroidManifest.xml:40:17-79
103-->[com.google.android.gms:play-services-measurement:17.2.2] AndroidManifest.xml:40:25-76
104            </intent-filter>
105        </receiver>
106
107        <service
107-->[com.google.android.gms:play-services-measurement:17.2.2] AndroidManifest.xml:44:9-47:40
108            android:name="com.google.android.gms.measurement.AppMeasurementService"
108-->[com.google.android.gms:play-services-measurement:17.2.2] AndroidManifest.xml:45:13-84
109            android:enabled="true"
109-->[com.google.android.gms:play-services-measurement:17.2.2] AndroidManifest.xml:46:13-35
110            android:exported="false" />
110-->[com.google.android.gms:play-services-measurement:17.2.2] AndroidManifest.xml:47:13-37
111        <service
111-->[com.google.android.gms:play-services-measurement:17.2.2] AndroidManifest.xml:48:9-52:72
112            android:name="com.google.android.gms.measurement.AppMeasurementJobService"
112-->[com.google.android.gms:play-services-measurement:17.2.2] AndroidManifest.xml:49:13-87
113            android:enabled="true"
113-->[com.google.android.gms:play-services-measurement:17.2.2] AndroidManifest.xml:50:13-35
114            android:exported="false"
114-->[com.google.android.gms:play-services-measurement:17.2.2] AndroidManifest.xml:51:13-37
115            android:permission="android.permission.BIND_JOB_SERVICE" />
115-->[com.google.android.gms:play-services-measurement:17.2.2] AndroidManifest.xml:52:13-69
116
117        <meta-data
117-->[com.google.android.gms:play-services-basement:17.0.0] AndroidManifest.xml:23:9-25:69
118            android:name="com.google.android.gms.version"
118-->[com.google.android.gms:play-services-basement:17.0.0] AndroidManifest.xml:24:13-58
119            android:value="@integer/google_play_services_version" />
119-->[com.google.android.gms:play-services-basement:17.0.0] AndroidManifest.xml:25:13-66
120    </application>
121
122</manifest>